<?xml version="1.0" encoding="UTF-8"?>
<!-- Generated by org.testng.reporters.JUnitReportReporter -->
<testsuite hostname="DESKTOP-1VT60C3" failures="0" tests="1" name="login.Validusernamewrongpassword" time="22.418" errors="0" timestamp="2022-05-31T18:35:51 IST" skipped="0">
  <testcase classname="login.Validusernamewrongpassword" name="validusernameandinvalidpassword" time="22.418"/>
  <system-out/>
</testsuite> <!-- login.Validusernamewrongpassword -->
