<?xml version="1.0" encoding="UTF-8"?>
<!-- Generated by org.testng.reporters.JUnitReportReporter -->
<testsuite hostname="DESKTOP-1VT60C3" failures="0" tests="4" name="com.excel.ExcelReading" time="24.572" errors="0" timestamp="2022-05-31T19:34:29 IST" skipped="0">
  <testcase classname="com.excel.ExcelReading" name="inhvalidusernameandinvalidpassword" time="3.094"/>
  <system-out/>
  <testcase classname="com.excel.ExcelReading" name="inhvalidusernameandinvalidpassword" time="15.504"/>
  <system-out/>
  <testcase classname="com.excel.ExcelReading" name="inhvalidusernameandinvalidpassword" time="3.072"/>
  <system-out/>
  <testcase classname="com.excel.ExcelReading" name="inhvalidusernameandinvalidpassword" time="2.902"/>
  <system-out/>
</testsuite> <!-- com.excel.ExcelReading -->
