<?xml version="1.0" encoding="UTF-8"?>
<!-- Generated by org.testng.reporters.JUnitReportReporter -->
<testsuite hostname="DESKTOP-1VT60C3" failures="0" tests="1" name="login.Wrongusernamewrongpassword" time="10.227" errors="0" timestamp="2022-05-31T18:35:51 IST" skipped="0">
  <testcase classname="login.Wrongusernamewrongpassword" name="inhvalidusernameandinvalidpassword" time="10.227"/>
  <system-out/>
</testsuite> <!-- login.Wrongusernamewrongpassword -->
